2025-01-11T22:04:07.913-05:00 Load Screen - RESUME_FROM_SUSPEND Complete
2025-01-11T22:04:07.913-05:00 Load Screen - Waiting On: PLAYER, CHARACTER_GEOMETRY, TERRAIN_GEOMETRY, KEEPS, FIXTURE_ASSETS, DYNAMIC_OBJECTS, USER_INTERFACE, RENDERER, GAME_DATA, TEXTURES, CHARACTER_ACTIVATED, SHARED_CHARACTER_OBJECT, RESUME_FROM_SUSPEND, FIXTURE_PHYSICS, 
2025-01-11T22:04:07.919-05:00 PregameStateManager_SetState - from: nil, to: AccountLogin
2025-01-11T22:04:11.112-05:00 Load Screen - RESUME_FROM_SUSPEND Complete
2025-01-11T22:04:11.112-05:00 Load Screen - Waiting On: PLAYER, CHARACTER_GEOMETRY, TERRAIN_GEOMETRY, KEEPS, FIXTURE_ASSETS, DYNAMIC_OBJECTS, USER_INTERFACE, RENDERER, GAME_DATA, TEXTURES, CHARACTER_ACTIVATED, SHARED_CHARACTER_OBJECT, FIXTURE_PHYSICS, 
2025-01-11T22:04:11.112-05:00 Load Screen - OnAreaLoadStarted - (138) Unknown Zone
2025-01-11T22:04:11.112-05:00 Load Screen - Show
2025-01-11T22:04:11.204-05:00 Load Screen - GAME_DATA Complete
2025-01-11T22:04:11.204-05:00 Load Screen - Waiting On: PLAYER, TERRAIN_GEOMETRY, FIXTURE_ASSETS, DYNAMIC_OBJECTS, USER_INTERFACE, RENDERER, TEXTURES, CHARACTER_ACTIVATED, FIXTURE_PHYSICS, 
2025-01-11T22:04:11.204-05:00 Load Screen - CHARACTER_GEOMETRY Complete
2025-01-11T22:04:11.204-05:00 Load Screen - Waiting On: PLAYER, TERRAIN_GEOMETRY, FIXTURE_ASSETS, DYNAMIC_OBJECTS, USER_INTERFACE, RENDERER, TEXTURES, CHARACTER_ACTIVATED, FIXTURE_PHYSICS, 
2025-01-11T22:04:11.204-05:00 Load Screen - KEEPS Complete
2025-01-11T22:04:11.204-05:00 Load Screen - Waiting On: PLAYER, TERRAIN_GEOMETRY, FIXTURE_ASSETS, DYNAMIC_OBJECTS, USER_INTERFACE, RENDERER, TEXTURES, CHARACTER_ACTIVATED, FIXTURE_PHYSICS, 
2025-01-11T22:04:11.204-05:00 Load Screen - SHARED_CHARACTER_OBJECT Complete
2025-01-11T22:04:11.204-05:00 Load Screen - Waiting On: PLAYER, TERRAIN_GEOMETRY, FIXTURE_ASSETS, DYNAMIC_OBJECTS, USER_INTERFACE, RENDERER, TEXTURES, CHARACTER_ACTIVATED, FIXTURE_PHYSICS, 
2025-01-11T22:04:11.239-05:00 Load Screen - USER_INTERFACE Complete
2025-01-11T22:04:11.239-05:00 Load Screen - Waiting On: PLAYER, TERRAIN_GEOMETRY, FIXTURE_ASSETS, DYNAMIC_OBJECTS, RENDERER, TEXTURES, CHARACTER_ACTIVATED, FIXTURE_PHYSICS, 
2025-01-11T22:04:11.338-05:00 Load Screen - PLAYER Complete
2025-01-11T22:04:11.338-05:00 Load Screen - Waiting On: TERRAIN_GEOMETRY, FIXTURE_ASSETS, DYNAMIC_OBJECTS, RENDERER, TEXTURES, CHARACTER_ACTIVATED, FIXTURE_PHYSICS, 
2025-01-11T22:04:11.338-05:00 PregameStateManager_SetState - from: AccountLogin, to: CharacterSelect
2025-01-11T22:04:11.515-05:00 Load Screen - TERRAIN_GEOMETRY Complete
2025-01-11T22:04:11.515-05:00 Load Screen - Waiting On: FIXTURE_ASSETS, DYNAMIC_OBJECTS, RENDERER, TEXTURES, CHARACTER_ACTIVATED, FIXTURE_PHYSICS, 
2025-01-11T22:04:12.051-05:00 Load Screen - Show/Hide - Animation Complete
2025-01-11T22:04:13.667-05:00 Load Screen - FIXTURE_ASSETS Complete
2025-01-11T22:04:13.668-05:00 Load Screen - Waiting On: DYNAMIC_OBJECTS, RENDERER, TEXTURES, CHARACTER_ACTIVATED, 
2025-01-11T22:04:13.668-05:00 Load Screen - FIXTURE_PHYSICS Complete
2025-01-11T22:04:13.668-05:00 Load Screen - Waiting On: DYNAMIC_OBJECTS, RENDERER, TEXTURES, CHARACTER_ACTIVATED, 
2025-01-11T22:04:39.754-05:00 Load Screen - RENDERER Complete
2025-01-11T22:04:39.754-05:00 Load Screen - Waiting On: TEXTURES, CHARACTER_ACTIVATED, 
2025-01-11T22:04:39.754-05:00 Load Screen - DYNAMIC_OBJECTS Complete
2025-01-11T22:04:39.754-05:00 Load Screen - Waiting On: TEXTURES, CHARACTER_ACTIVATED, 
2025-01-11T22:04:39.767-05:00 Load Screen - TEXTURES Complete
2025-01-11T22:04:39.767-05:00 Load Screen - Systems Loaded And Not Waiting For Teleport
2025-01-11T22:04:39.767-05:00 Load Screen - Hide
2025-01-11T22:04:39.767-05:00 Load Screen - Hide - Wasn't Already Hiding
2025-01-11T22:04:39.768-05:00 Load Screen - CHARACTER_ACTIVATED Complete
2025-01-11T22:04:39.768-05:00 Load Screen - Systems Loaded And Not Waiting For Teleport
2025-01-11T22:04:39.768-05:00 Load Screen - Hide
2025-01-11T22:04:40.619-05:00 Load Screen - Show/Hide - Animation Complete
2025-01-11T22:04:40.619-05:00 Load Screen - Hide - Animation Complete
2025-01-11T22:04:45.598-05:00 PregameStateManager_SetState - from: CharacterSelect, to: BeginLoadingIntoWorld
2025-01-11T22:04:49.722-05:00 Load Screen - RESUME_FROM_SUSPEND Complete
2025-01-11T22:04:49.722-05:00 Load Screen - Waiting On: PLAYER, CHARACTER_GEOMETRY, TERRAIN_GEOMETRY, KEEPS, FIXTURE_ASSETS, DYNAMIC_OBJECTS, USER_INTERFACE, RENDERER, GAME_DATA, TEXTURES, CHARACTER_ACTIVATED, SHARED_CHARACTER_OBJECT, RESUME_FROM_SUSPEND, FIXTURE_PHYSICS, 
2025-01-11T22:04:49.722-05:00 Load Screen - OnAreaLoadStarted - (974) Northern Elsweyr
2025-01-11T22:04:49.722-05:00 Load Screen - Show
2025-01-11T22:04:49.727-05:00 Load Screen - RESUME_FROM_SUSPEND Complete
2025-01-11T22:04:49.728-05:00 Load Screen - Waiting On: PLAYER, CHARACTER_GEOMETRY, TERRAIN_GEOMETRY, KEEPS, FIXTURE_ASSETS, DYNAMIC_OBJECTS, USER_INTERFACE, RENDERER, GAME_DATA, TEXTURES, CHARACTER_ACTIVATED, SHARED_CHARACTER_OBJECT, RESUME_FROM_SUSPEND, FIXTURE_PHYSICS, 
2025-01-11T22:04:49.728-05:00 Load Screen - GAME_DATA Complete
2025-01-11T22:04:49.728-05:00 Load Screen - Waiting On: PLAYER, CHARACTER_GEOMETRY, TERRAIN_GEOMETRY, KEEPS, FIXTURE_ASSETS, DYNAMIC_OBJECTS, USER_INTERFACE, RENDERER, GAME_DATA, TEXTURES, CHARACTER_ACTIVATED, SHARED_CHARACTER_OBJECT, RESUME_FROM_SUSPEND, FIXTURE_PHYSICS, 
2025-01-11T22:04:49.728-05:00 Load Screen - RENDERER Complete
2025-01-11T22:04:49.728-05:00 Load Screen - Waiting On: PLAYER, CHARACTER_GEOMETRY, TERRAIN_GEOMETRY, KEEPS, FIXTURE_ASSETS, DYNAMIC_OBJECTS, USER_INTERFACE, RENDERER, GAME_DATA, TEXTURES, CHARACTER_ACTIVATED, SHARED_CHARACTER_OBJECT, RESUME_FROM_SUSPEND, FIXTURE_PHYSICS, 
2025-01-11T22:04:49.728-05:00 Load Screen - KEEPS Complete
2025-01-11T22:04:49.728-05:00 Load Screen - Waiting On: PLAYER, CHARACTER_GEOMETRY, TERRAIN_GEOMETRY, KEEPS, FIXTURE_ASSETS, DYNAMIC_OBJECTS, USER_INTERFACE, RENDERER, GAME_DATA, TEXTURES, CHARACTER_ACTIVATED, SHARED_CHARACTER_OBJECT, RESUME_FROM_SUSPEND, FIXTURE_PHYSICS, 
2025-01-11T22:04:49.728-05:00 Load Screen - SHARED_CHARACTER_OBJECT Complete
2025-01-11T22:04:49.728-05:00 Load Screen - Waiting On: PLAYER, CHARACTER_GEOMETRY, TERRAIN_GEOMETRY, KEEPS, FIXTURE_ASSETS, DYNAMIC_OBJECTS, USER_INTERFACE, RENDERER, GAME_DATA, TEXTURES, CHARACTER_ACTIVATED, SHARED_CHARACTER_OBJECT, RESUME_FROM_SUSPEND, FIXTURE_PHYSICS, 
2025-01-11T22:04:50.109-05:00 Load Screen - PLAYER Complete
2025-01-11T22:04:50.109-05:00 Load Screen - Waiting On: CHARACTER_GEOMETRY, TERRAIN_GEOMETRY, FIXTURE_ASSETS, DYNAMIC_OBJECTS, USER_INTERFACE, TEXTURES, CHARACTER_ACTIVATED, FIXTURE_PHYSICS, 
2025-01-11T22:04:50.512-05:00 Load Screen - TERRAIN_GEOMETRY Complete
2025-01-11T22:04:50.512-05:00 Load Screen - Waiting On: CHARACTER_GEOMETRY, FIXTURE_ASSETS, DYNAMIC_OBJECTS, USER_INTERFACE, TEXTURES, CHARACTER_ACTIVATED, FIXTURE_PHYSICS, 
2025-01-11T22:04:50.587-05:00 Load Screen - Show/Hide - Animation Complete
2025-01-11T22:04:51.091-05:00 Load Screen - CHARACTER_GEOMETRY Complete
2025-01-11T22:04:51.091-05:00 Load Screen - Waiting On: FIXTURE_ASSETS, USER_INTERFACE, TEXTURES, CHARACTER_ACTIVATED, FIXTURE_PHYSICS, 
2025-01-11T22:04:51.091-05:00 Load Screen - DYNAMIC_OBJECTS Complete
2025-01-11T22:04:51.091-05:00 Load Screen - Waiting On: FIXTURE_ASSETS, USER_INTERFACE, TEXTURES, CHARACTER_ACTIVATED, FIXTURE_PHYSICS, 
2025-01-11T22:04:54.095-05:00 Load Screen - FIXTURE_PHYSICS Complete
2025-01-11T22:04:54.095-05:00 Load Screen - Waiting On: FIXTURE_ASSETS, DYNAMIC_OBJECTS, USER_INTERFACE, TEXTURES, CHARACTER_ACTIVATED, 
2025-01-11T22:05:02.783-05:00 |cff0000Gui Warning: Attempting to get action layer 'Siege' with a different allowsFallthrough argument than it was created with. AllowsFallthrough has already been defined as false.
AllowsFallthrough cannot be changed and keybindings may not act as expected.|r
2025-01-11T22:05:02.916-05:00 |cff0000Gui Warning: HodorReflexes_Share_HornCountdown has a set width but has resizeToFitDescendents enabled. If this is intended, use resizeToFitConstrains="Y".|r
2025-01-11T22:05:02.916-05:00 |cff0000Gui Warning: HodorReflexes_Share_HornCountdown has a set height but has resizeToFitDescendents enabled. If this is intended, use resizeToFitConstrains="X".|r
2025-01-11T22:05:02.916-05:00 |cff0000Gui Warning: HodorReflexes_Share_Ultimates has a set width but has resizeToFitDescendents enabled. If this is intended, use resizeToFitConstrains="Y".|r
2025-01-11T22:05:02.916-05:00 |cff0000Gui Warning: HodorReflexes_Share_HornIcon has a set width but has resizeToFitDescendents enabled. If this is intended, use resizeToFitConstrains="Y".|r
2025-01-11T22:05:02.916-05:00 |cff0000Gui Warning: HodorReflexes_Share_HornIcon has a set height but has resizeToFitDescendents enabled. If this is intended, use resizeToFitConstrains="X".|r
2025-01-11T22:05:02.942-05:00 |cff0000Gui Warning: HodorReflexes_Share_Damage has a set width but has resizeToFitDescendents enabled. If this is intended, use resizeToFitConstrains="Y".|r
2025-01-11T22:05:02.943-05:00 |cff0000Gui Warning: HodorReflexes_Share_Atronach has a set width but has resizeToFitDescendents enabled. If this is intended, use resizeToFitConstrains="Y".|r
2025-01-11T22:05:02.943-05:00 |cff0000Gui Warning: HodorReflexes_Share_ColosCountdown has a set width but has resizeToFitDescendents enabled. If this is intended, use resizeToFitConstrains="Y".|r
2025-01-11T22:05:02.943-05:00 |cff0000Gui Warning: HodorReflexes_Share_ColosCountdown has a set height but has resizeToFitDescendents enabled. If this is intended, use resizeToFitConstrains="X".|r
2025-01-11T22:05:02.943-05:00 |cff0000Gui Warning: HodorReflexes_Share_MiscUltimates has a set width but has resizeToFitDescendents enabled. If this is intended, use resizeToFitConstrains="Y".|r
2025-01-11T22:05:02.943-05:00 |cff0000Gui Warning: HodorReflexes_Share_Colos has a set width but has resizeToFitDescendents enabled. If this is intended, use resizeToFitConstrains="Y".|r
2025-01-11T22:05:06.503-05:00 |cff0000Gui Warning: ASYChangeFilterDialog has a set width but has resizeToFitDescendents enabled. If this is intended, use resizeToFitConstrains="Y".|r
2025-01-11T22:05:06.503-05:00 |cff0000Gui Warning: ASYChangeFilterDialog has a set height but has resizeToFitDescendents enabled. If this is intended, use resizeToFitConstrains="X".|r
2025-01-11T22:05:09.476-05:00 |cff0000Gui Warning: Attempting to get action layer 'Housing Editor' with a different allowsFallthrough argument than it was created with. AllowsFallthrough has already been defined as false.
AllowsFallthrough cannot be changed and keybindings may not act as expected.|r
2025-01-11T22:05:09.476-05:00 |cff0000Gui Warning: Attempting to get action layer 'Housing Editor' with a different allowsFallthrough argument than it was created with. AllowsFallthrough has already been defined as false.
AllowsFallthrough cannot be changed and keybindings may not act as expected.|r
2025-01-11T22:05:09.476-05:00 |cff0000Gui Warning: Attempting to get action layer 'Housing Editor' with a different allowsFallthrough argument than it was created with. AllowsFallthrough has already been defined as false.
AllowsFallthrough cannot be changed and keybindings may not act as expected.|r
2025-01-11T22:05:09.477-05:00 |cff0000Gui Warning: Attempting to get action layer 'Housing Editor' with a different allowsFallthrough argument than it was created with. AllowsFallthrough has already been defined as false.
AllowsFallthrough cannot be changed and keybindings may not act as expected.|r
2025-01-11T22:05:09.477-05:00 |cff0000Gui Warning: Attempting to get action layer 'Housing Editor' with a different allowsFallthrough argument than it was created with. AllowsFallthrough has already been defined as false.
AllowsFallthrough cannot be changed and keybindings may not act as expected.|r
2025-01-11T22:05:09.477-05:00 |cff0000Gui Warning: Attempting to get action layer 'Housing Editor' with a different allowsFallthrough argument than it was created with. AllowsFallthrough has already been defined as false.
AllowsFallthrough cannot be changed and keybindings may not act as expected.|r
2025-01-11T22:05:09.477-05:00 |cff0000Gui Warning: Attempting to get action layer 'Housing Editor' with a different allowsFallthrough argument than it was created with. AllowsFallthrough has already been defined as false.
AllowsFallthrough cannot be changed and keybindings may not act as expected.|r
2025-01-11T22:05:09.477-05:00 |cff0000Gui Warning: Attempting to get action layer 'Housing Editor' with a different allowsFallthrough argument than it was created with. AllowsFallthrough has already been defined as false.
AllowsFallthrough cannot be changed and keybindings may not act as expected.|r
2025-01-11T22:05:09.477-05:00 |cff0000Gui Warning: Attempting to get action layer 'Housing Editor' with a different allowsFallthrough argument than it was created with. AllowsFallthrough has already been defined as false.
AllowsFallthrough cannot be changed and keybindings may not act as expected.|r
2025-01-11T22:05:09.477-05:00 |cff0000Gui Warning: Attempting to get action layer 'Housing Editor' with a different allowsFallthrough argument than it was created with. AllowsFallthrough has already been defined as false.
AllowsFallthrough cannot be changed and keybindings may not act as expected.|r
2025-01-11T22:05:09.478-05:00 |cff0000Gui Warning: Attempting to get action layer 'Housing Editor' with a different allowsFallthrough argument than it was created with. AllowsFallthrough has already been defined as false.
AllowsFallthrough cannot be changed and keybindings may not act as expected.|r
2025-01-11T22:05:09.478-05:00 |cff0000Gui Warning: Attempting to get action layer 'Housing Editor' with a different allowsFallthrough argument than it was created with. AllowsFallthrough has already been defined as false.
AllowsFallthrough cannot be changed and keybindings may not act as expected.|r
2025-01-11T22:05:09.478-05:00 |cff0000Gui Warning: Attempting to get action layer 'Housing Editor' with a different allowsFallthrough argument than it was created with. AllowsFallthrough has already been defined as false.
AllowsFallthrough cannot be changed and keybindings may not act as expected.|r
2025-01-11T22:05:09.478-05:00 |cff0000Gui Warning: Attempting to get action layer 'Housing Editor' with a different allowsFallthrough argument than it was created with. AllowsFallthrough has already been defined as false.
AllowsFallthrough cannot be changed and keybindings may not act as expected.|r
2025-01-11T22:05:09.478-05:00 |cff0000Gui Warning: Attempting to get action layer 'Housing Editor' with a different allowsFallthrough argument than it was created with. AllowsFallthrough has already been defined as false.
AllowsFallthrough cannot be changed and keybindings may not act as expected.|r
2025-01-11T22:05:09.478-05:00 |cff0000Gui Warning: Attempting to get action layer 'Housing Editor' with a different allowsFallthrough argument than it was created with. AllowsFallthrough has already been defined as false.
AllowsFallthrough cannot be changed and keybindings may not act as expected.|r
2025-01-11T22:05:09.479-05:00 |cff0000Gui Warning: Attempting to get action layer 'Housing Editor' with a different allowsFallthrough argument than it was created with. AllowsFallthrough has already been defined as false.
AllowsFallthrough cannot be changed and keybindings may not act as expected.|r
2025-01-11T22:05:09.479-05:00 |cff0000Gui Warning: Attempting to get action layer 'Housing Editor' with a different allowsFallthrough argument than it was created with. AllowsFallthrough has already been defined as false.
AllowsFallthrough cannot be changed and keybindings may not act as expected.|r
2025-01-11T22:05:09.479-05:00 |cff0000Gui Warning: Attempting to get action layer 'Housing Editor' with a different allowsFallthrough argument than it was created with. AllowsFallthrough has already been defined as false.
AllowsFallthrough cannot be changed and keybindings may not act as expected.|r
2025-01-11T22:05:09.479-05:00 |cff0000Gui Warning: Attempting to get action layer 'Housing Editor' with a different allowsFallthrough argument than it was created with. AllowsFallthrough has already been defined as false.
AllowsFallthrough cannot be changed and keybindings may not act as expected.|r
2025-01-11T22:05:09.479-05:00 |cff0000Gui Warning: Attempting to get action layer 'Housing Editor' with a different allowsFallthrough argument than it was created with. AllowsFallthrough has already been defined as false.
AllowsFallthrough cannot be changed and keybindings may not act as expected.|r
2025-01-11T22:05:09.479-05:00 |cff0000Gui Warning: Attempting to get action layer 'Housing Editor' with a different allowsFallthrough argument than it was created with. AllowsFallthrough has already been defined as false.
AllowsFallthrough cannot be changed and keybindings may not act as expected.|r
2025-01-11T22:05:09.479-05:00 |cff0000Gui Warning: Attempting to get action layer 'Housing Editor' with a different allowsFallthrough argument than it was created with. AllowsFallthrough has already been defined as false.
AllowsFallthrough cannot be changed and keybindings may not act as expected.|r
2025-01-11T22:05:09.479-05:00 |cff0000Gui Warning: Attempting to get action layer 'Housing Editor' with a different allowsFallthrough argument than it was created with. AllowsFallthrough has already been defined as false.
AllowsFallthrough cannot be changed and keybindings may not act as expected.|r
2025-01-11T22:05:09.479-05:00 |cff0000Gui Warning: Attempting to get action layer 'Housing Editor' with a different allowsFallthrough argument than it was created with. AllowsFallthrough has already been defined as false.
AllowsFallthrough cannot be changed and keybindings may not act as expected.|r
2025-01-11T22:05:10.467-05:00 Load Screen - FIXTURE_ASSETS Complete
2025-01-11T22:05:10.467-05:00 Load Screen - Waiting On: DYNAMIC_OBJECTS, USER_INTERFACE, TEXTURES, CHARACTER_ACTIVATED, 
2025-01-11T22:05:10.799-05:00 Load Screen - DYNAMIC_OBJECTS Complete
2025-01-11T22:05:10.799-05:00 Load Screen - Waiting On: USER_INTERFACE, TEXTURES, CHARACTER_ACTIVATED, 
2025-01-11T22:05:10.823-05:00 Load Screen - TEXTURES Complete
2025-01-11T22:05:10.823-05:00 Load Screen - Waiting On: USER_INTERFACE, CHARACTER_ACTIVATED, 
2025-01-11T22:05:10.974-05:00 Load Screen - DYNAMIC_OBJECTS Complete
2025-01-11T22:05:10.974-05:00 Load Screen - Waiting On: USER_INTERFACE, CHARACTER_ACTIVATED, 
2025-01-11T22:05:40.823-05:00 |cff0000Gui Warning: ZO_TradingHouseBrowseItemsLeftPaneGlobalFeatureAreaPriceRange has a set height but has resizeToFitDescendents enabled. If this is intended, use resizeToFitConstrains="X".|r
2025-01-11T22:05:40.823-05:00 |cff0000Gui Warning: HarvestFarmFilterPaneScrollChild has a set width but has resizeToFitDescendents enabled. If this is intended, use resizeToFitConstrains="Y".|r
2025-01-11T22:05:41.790-05:00 Load Screen - USER_INTERFACE Complete
2025-01-11T22:05:41.790-05:00 Load Screen - Waiting On: DYNAMIC_OBJECTS, CHARACTER_ACTIVATED, 
2025-01-11T22:05:41.928-05:00 Load Screen - DYNAMIC_OBJECTS Complete
2025-01-11T22:05:41.928-05:00 Load Screen - Waiting On: CHARACTER_ACTIVATED, 
2025-01-11T22:05:42.081-05:00 Load Screen - CHARACTER_ACTIVATED Complete
2025-01-11T22:05:42.081-05:00 Load Screen - Systems Loaded And Not Waiting For Teleport
2025-01-11T22:05:42.081-05:00 Load Screen - Hide
2025-01-11T22:05:42.081-05:00 Load Screen - Hide - Wasn't Already Hiding
2025-01-11T22:05:52.870-05:00 |cff0000Gui Warning: EHTButtonContextMenuRedoGroup has a set width but has resizeToFitDescendents enabled. If this is intended, use resizeToFitConstrains="Y".|r
2025-01-11T22:05:52.870-05:00 |cff0000Gui Warning: EHTButtonContextMenuGridSnapHorizontalGroup has a set width but has resizeToFitDescendents enabled. If this is intended, use resizeToFitConstrains="Y".|r
2025-01-11T22:05:52.870-05:00 |cff0000Gui Warning: EHTButtonContextMenuClipboardSection has a set width but has resizeToFitDescendents enabled. If this is intended, use resizeToFitConstrains="Y".|r
2025-01-11T22:05:52.870-05:00 |cff0000Gui Warning: EHTButtonContextMenuSelectBoxGroup has a set width but has resizeToFitDescendents enabled. If this is intended, use resizeToFitConstrains="Y".|r
2025-01-11T22:05:52.870-05:00 |cff0000Gui Warning: EHTButtonContextMenuGridSnapRotationGroup has a set width but has resizeToFitDescendents enabled. If this is intended, use resizeToFitConstrains="Y".|r
2025-01-11T22:05:52.870-05:00 |cff0000Gui Warning: EHTButtonContextMenuSelectCheckGroup has a set width but has resizeToFitDescendents enabled. If this is intended, use resizeToFitConstrains="Y".|r
2025-01-11T22:05:52.870-05:00 |cff0000Gui Warning: EHTButtonContextMenuSummonCraftingGroup has a set width but has resizeToFitDescendents enabled. If this is intended, use resizeToFitConstrains="Y".|r
2025-01-11T22:05:52.870-05:00 |cff0000Gui Warning: EHTButtonContextMenuLockGroup has a set width but has resizeToFitDescendents enabled. If this is intended, use resizeToFitConstrains="Y".|r
2025-01-11T22:05:52.870-05:00 |cff0000Gui Warning: EHTButtonContextMenuSummonGuestJournalGroup has a set width but has resizeToFitDescendents enabled. If this is intended, use resizeToFitConstrains="Y".|r
2025-01-11T22:05:52.870-05:00 |cff0000Gui Warning: EHTButtonContextMenuRecoverySection has a set width but has resizeToFitDescendents enabled. If this is intended, use resizeToFitConstrains="Y".|r
2025-01-11T22:05:52.870-05:00 |cff0000Gui Warning: EHTButtonContextMenuPasteGroup has a set width but has resizeToFitDescendents enabled. If this is intended, use resizeToFitConstrains="Y".|r
2025-01-11T22:05:52.870-05:00 |cff0000Gui Warning: EHTButtonContextMenuCopyGroup has a set width but has resizeToFitDescendents enabled. If this is intended, use resizeToFitConstrains="Y".|r
2025-01-11T22:05:52.870-05:00 |cff0000Gui Warning: EHTButtonContextMenuUndoGroup has a set width but has resizeToFitDescendents enabled. If this is intended, use resizeToFitConstrains="Y".|r
2025-01-11T22:05:52.870-05:00 |cff0000Gui Warning: EHTButtonContextMenuFixMyFXGroup has a set width but has resizeToFitDescendents enabled. If this is intended, use resizeToFitConstrains="Y".|r
2025-01-11T22:05:52.870-05:00 |cff0000Gui Warning: EHTButtonContextMenuSnapToGridSection has a set width but has resizeToFitDescendents enabled. If this is intended, use resizeToFitConstrains="Y".|r
2025-01-11T22:05:52.870-05:00 |cff0000Gui Warning: EHTButtonContextMenuTutorialsGroup has a set width but has resizeToFitDescendents enabled. If this is intended, use resizeToFitConstrains="Y".|r
2025-01-11T22:05:52.870-05:00 |cff0000Gui Warning: EHTButtonContextMenuSelectSection has a set width but has resizeToFitDescendents enabled. If this is intended, use resizeToFitConstrains="Y".|r
2025-01-11T22:05:52.870-05:00 |cff0000Gui Warning: EHTButtonContextMenuSelectEffectGroup has a set width but has resizeToFitDescendents enabled. If this is intended, use resizeToFitConstrains="Y".|r
2025-01-11T22:05:52.870-05:00 |cff0000Gui Warning: EHTButtonContextMenuGridVerticalGroup has a set width but has resizeToFitDescendents enabled. If this is intended, use resizeToFitConstrains="Y".|r
2025-01-11T22:05:52.870-05:00 |cff0000Gui Warning: EHTButtonContextMenuUnlockGroup has a set width but has resizeToFitDescendents enabled. If this is intended, use resizeToFitConstrains="Y".|r
2025-01-11T22:05:52.870-05:00 |cff0000Gui Warning: EHTButtonContextMenuNightModeGroup has a set width but has resizeToFitDescendents enabled. If this is intended, use resizeToFitConstrains="Y".|r
2025-01-11T22:05:52.870-05:00 |cff0000Gui Warning: EHTButtonContextMenuQuickTipsGroup has a set width but has resizeToFitDescendents enabled. If this is intended, use resizeToFitConstrains="Y".|r
2025-01-11T22:05:52.870-05:00 |cff0000Gui Warning: EHTButtonContextMenuSummonStorageGroup has a set width but has resizeToFitDescendents enabled. If this is intended, use resizeToFitConstrains="Y".|r
2025-01-11T22:05:52.870-05:00 |cff0000Gui Warning: EHHHousingHubDialogTabButtons has a set height but has resizeToFitDescendents enabled. If this is intended, use resizeToFitConstrains="X".|r
2025-01-11T22:05:52.870-05:00 |cff0000Gui Warning: EHTButtonContextMenuLinksSection has a set width but has resizeToFitDescendents enabled. If this is intended, use resizeToFitConstrains="Y".|r
2025-01-11T22:05:52.870-05:00 |cff0000Gui Warning: EHTButtonContextMenuHelpSection has a set width but has resizeToFitDescendents enabled. If this is intended, use resizeToFitConstrains="Y".|r
2025-01-11T22:05:52.870-05:00 |cff0000Gui Warning: EHTButtonContextMenuEnvironmentSection has a set width but has resizeToFitDescendents enabled. If this is intended, use resizeToFitConstrains="Y".|r
2025-01-11T22:05:52.870-05:00 |cff0000Gui Warning: EHTButtonContextMenuGridHorizontalGroup has a set width but has resizeToFitDescendents enabled. If this is intended, use resizeToFitConstrains="Y".|r
2025-01-11T22:05:52.870-05:00 |cff0000Gui Warning: EHTButtonContextMenuUnlinkGroup has a set width but has resizeToFitDescendents enabled. If this is intended, use resizeToFitConstrains="Y".|r
2025-01-11T22:05:52.870-05:00 |cff0000Gui Warning: EHTButtonContextMenuGridSnapVerticalGroup has a set width but has resizeToFitDescendents enabled. If this is intended, use resizeToFitConstrains="Y".|r
2025-01-11T22:05:52.870-05:00 |cff0000Gui Warning: EHTButtonContextMenuGridLinesSection has a set width but has resizeToFitDescendents enabled. If this is intended, use resizeToFitConstrains="Y".|r
2025-01-11T22:05:52.870-05:00 |cff0000Gui Warning: EHTButtonContextMenuCutGroup has a set width but has resizeToFitDescendents enabled. If this is intended, use resizeToFitConstrains="Y".|r
2025-01-11T22:05:52.870-05:00 |cff0000Gui Warning: EHTButtonContextMenuAllOffGroup has a set width but has resizeToFitDescendents enabled. If this is intended, use resizeToFitConstrains="Y".|r
2025-01-11T22:05:52.870-05:00 |cff0000Gui Warning: EHTButtonContextMenuLightsSection has a set width but has resizeToFitDescendents enabled. If this is intended, use resizeToFitConstrains="Y".|r
2025-01-11T22:05:52.870-05:00 |cff0000Gui Warning: EHTButtonContextMenuSummonSection has a set width but has resizeToFitDescendents enabled. If this is intended, use resizeToFitConstrains="Y".|r
2025-01-11T22:05:52.870-05:00 |cff0000Gui Warning: EHTButtonContextMenuLinkGroup has a set width but has resizeToFitDescendents enabled. If this is intended, use resizeToFitConstrains="Y".|r
2025-01-11T22:05:52.870-05:00 |cff0000Gui Warning: EHTButtonContextMenuGridAdjustmentGroup has a set width but has resizeToFitDescendents enabled. If this is intended, use resizeToFitConstrains="Y".|r
2025-01-11T22:05:52.870-05:00 |cff0000Gui Warning: EHTButtonContextMenuBackupsGroup has a set width but has resizeToFitDescendents enabled. If this is intended, use resizeToFitConstrains="Y".|r
2025-01-11T22:05:52.870-05:00 |cff0000Gui Warning: EHTButtonContextMenuGridLockGroup has a set width but has resizeToFitDescendents enabled. If this is intended, use resizeToFitConstrains="Y".|r
2025-01-11T22:05:52.870-05:00 |cff0000Gui Warning: EHTButtonContextMenuAllOnGroup has a set width but has resizeToFitDescendents enabled. If this is intended, use resizeToFitConstrains="Y".|r
2025-01-11T22:05:52.870-05:00 |cff0000Gui Warning: EHTButtonContextMenuLocksSection has a set width but has resizeToFitDescendents enabled. If this is intended, use resizeToFitConstrains="Y".|r
2025-01-11T22:05:52.919-05:00 Load Screen - Show/Hide - Animation Complete
2025-01-11T22:05:52.919-05:00 Load Screen - Hide - Animation Complete
2025-01-11T22:06:36.006-05:00 Load Screen - OnPrepareForJump - Glenumbra
2025-01-11T22:06:36.006-05:00 Load Screen - Show
2025-01-11T22:06:36.884-05:00 Load Screen - Show/Hide - Animation Complete
2025-01-11T22:06:39.891-05:00 Load Screen - OnAreaLoadStarted - (141) Glenumbra
2025-01-11T22:06:39.979-05:00 Load Screen - GAME_DATA Complete
2025-01-11T22:06:39.979-05:00 Load Screen - Waiting On: PLAYER, CHARACTER_GEOMETRY, TERRAIN_GEOMETRY, FIXTURE_ASSETS, DYNAMIC_OBJECTS, TEXTURES, CHARACTER_ACTIVATED, RESUME_FROM_SUSPEND, FIXTURE_PHYSICS, 
2025-01-11T22:06:39.979-05:00 Load Screen - RENDERER Complete
2025-01-11T22:06:39.979-05:00 Load Screen - Waiting On: PLAYER, CHARACTER_GEOMETRY, TERRAIN_GEOMETRY, FIXTURE_ASSETS, DYNAMIC_OBJECTS, TEXTURES, CHARACTER_ACTIVATED, RESUME_FROM_SUSPEND, FIXTURE_PHYSICS, 
2025-01-11T22:06:39.979-05:00 Load Screen - USER_INTERFACE Complete
2025-01-11T22:06:39.979-05:00 Load Screen - Waiting On: PLAYER, CHARACTER_GEOMETRY, TERRAIN_GEOMETRY, FIXTURE_ASSETS, DYNAMIC_OBJECTS, TEXTURES, CHARACTER_ACTIVATED, RESUME_FROM_SUSPEND, FIXTURE_PHYSICS, 
2025-01-11T22:06:39.979-05:00 Load Screen - KEEPS Complete
2025-01-11T22:06:39.979-05:00 Load Screen - Waiting On: PLAYER, CHARACTER_GEOMETRY, TERRAIN_GEOMETRY, FIXTURE_ASSETS, DYNAMIC_OBJECTS, TEXTURES, CHARACTER_ACTIVATED, RESUME_FROM_SUSPEND, FIXTURE_PHYSICS, 
2025-01-11T22:06:39.979-05:00 Load Screen - SHARED_CHARACTER_OBJECT Complete
2025-01-11T22:06:39.979-05:00 Load Screen - Waiting On: PLAYER, CHARACTER_GEOMETRY, TERRAIN_GEOMETRY, FIXTURE_ASSETS, DYNAMIC_OBJECTS, TEXTURES, CHARACTER_ACTIVATED, RESUME_FROM_SUSPEND, FIXTURE_PHYSICS, 
2025-01-11T22:06:40.256-05:00 Load Screen - PLAYER Complete
2025-01-11T22:06:40.256-05:00 Load Screen - Waiting On: CHARACTER_GEOMETRY, TERRAIN_GEOMETRY, FIXTURE_ASSETS, DYNAMIC_OBJECTS, TEXTURES, CHARACTER_ACTIVATED, FIXTURE_PHYSICS, 
2025-01-11T22:06:40.256-05:00 Load Screen - RESUME_FROM_SUSPEND Complete
2025-01-11T22:06:40.256-05:00 Load Screen - Waiting On: CHARACTER_GEOMETRY, TERRAIN_GEOMETRY, FIXTURE_ASSETS, DYNAMIC_OBJECTS, TEXTURES, CHARACTER_ACTIVATED, FIXTURE_PHYSICS, 
2025-01-11T22:06:41.094-05:00 Load Screen - TERRAIN_GEOMETRY Complete
2025-01-11T22:06:41.095-05:00 Load Screen - Waiting On: CHARACTER_GEOMETRY, FIXTURE_ASSETS, DYNAMIC_OBJECTS, TEXTURES, CHARACTER_ACTIVATED, FIXTURE_PHYSICS, 
2025-01-11T22:06:41.173-05:00 Load Screen - CHARACTER_GEOMETRY Complete
2025-01-11T22:06:41.173-05:00 Load Screen - Waiting On: FIXTURE_ASSETS, TEXTURES, CHARACTER_ACTIVATED, FIXTURE_PHYSICS, 
2025-01-11T22:06:41.173-05:00 Load Screen - DYNAMIC_OBJECTS Complete
2025-01-11T22:06:41.173-05:00 Load Screen - Waiting On: FIXTURE_ASSETS, TEXTURES, CHARACTER_ACTIVATED, FIXTURE_PHYSICS, 
2025-01-11T22:06:44.354-05:00 Load Screen - FIXTURE_PHYSICS Complete
2025-01-11T22:06:44.354-05:00 Load Screen - Waiting On: FIXTURE_ASSETS, DYNAMIC_OBJECTS, TEXTURES, CHARACTER_ACTIVATED, 
2025-01-11T22:06:44.461-05:00 Load Screen - FIXTURE_ASSETS Complete
2025-01-11T22:06:44.461-05:00 Load Screen - Waiting On: DYNAMIC_OBJECTS, TEXTURES, CHARACTER_ACTIVATED, 
2025-01-11T22:06:44.478-05:00 Load Screen - DYNAMIC_OBJECTS Complete
2025-01-11T22:06:44.478-05:00 Load Screen - Waiting On: TEXTURES, CHARACTER_ACTIVATED, 
2025-01-11T22:06:44.486-05:00 Load Screen - TEXTURES Complete
2025-01-11T22:06:44.486-05:00 Load Screen - Waiting On: CHARACTER_ACTIVATED, 
2025-01-11T22:06:44.757-05:00 Load Screen - CHARACTER_ACTIVATED Complete
2025-01-11T22:06:44.757-05:00 Load Screen - Systems Loaded And Not Waiting For Teleport
2025-01-11T22:06:44.757-05:00 Load Screen - Hide
2025-01-11T22:06:44.757-05:00 Load Screen - Hide - Wasn't Already Hiding
2025-01-11T22:06:45.857-05:00 Load Screen - Show/Hide - Animation Complete
2025-01-11T22:06:45.857-05:00 Load Screen - Hide - Animation Complete
2025-01-11T22:48:52.313-05:00 Load Screen - OnPrepareForJump - Shadowfen
2025-01-11T22:48:52.314-05:00 Load Screen - Show
2025-01-11T22:48:53.185-05:00 Load Screen - Show/Hide - Animation Complete
2025-01-11T22:48:56.446-05:00 Load Screen - OnAreaLoadStarted - (208) Shadowfen
2025-01-11T22:48:56.517-05:00 Load Screen - GAME_DATA Complete
2025-01-11T22:48:56.517-05:00 Load Screen - Waiting On: PLAYER, CHARACTER_GEOMETRY, TERRAIN_GEOMETRY, FIXTURE_ASSETS, DYNAMIC_OBJECTS, TEXTURES, CHARACTER_ACTIVATED, RESUME_FROM_SUSPEND, FIXTURE_PHYSICS, 
2025-01-11T22:48:56.517-05:00 Load Screen - RENDERER Complete
2025-01-11T22:48:56.517-05:00 Load Screen - Waiting On: PLAYER, CHARACTER_GEOMETRY, TERRAIN_GEOMETRY, FIXTURE_ASSETS, DYNAMIC_OBJECTS, TEXTURES, CHARACTER_ACTIVATED, RESUME_FROM_SUSPEND, FIXTURE_PHYSICS, 
2025-01-11T22:48:56.517-05:00 Load Screen - USER_INTERFACE Complete
2025-01-11T22:48:56.517-05:00 Load Screen - Waiting On: PLAYER, CHARACTER_GEOMETRY, TERRAIN_GEOMETRY, FIXTURE_ASSETS, DYNAMIC_OBJECTS, TEXTURES, CHARACTER_ACTIVATED, RESUME_FROM_SUSPEND, FIXTURE_PHYSICS, 
2025-01-11T22:48:56.517-05:00 Load Screen - KEEPS Complete
2025-01-11T22:48:56.517-05:00 Load Screen - Waiting On: PLAYER, CHARACTER_GEOMETRY, TERRAIN_GEOMETRY, FIXTURE_ASSETS, DYNAMIC_OBJECTS, TEXTURES, CHARACTER_ACTIVATED, RESUME_FROM_SUSPEND, FIXTURE_PHYSICS, 
2025-01-11T22:48:56.517-05:00 Load Screen - SHARED_CHARACTER_OBJECT Complete
2025-01-11T22:48:56.517-05:00 Load Screen - Waiting On: PLAYER, CHARACTER_GEOMETRY, TERRAIN_GEOMETRY, FIXTURE_ASSETS, DYNAMIC_OBJECTS, TEXTURES, CHARACTER_ACTIVATED, RESUME_FROM_SUSPEND, FIXTURE_PHYSICS, 
2025-01-11T22:48:56.760-05:00 Load Screen - PLAYER Complete
2025-01-11T22:48:56.760-05:00 Load Screen - Waiting On: CHARACTER_GEOMETRY, TERRAIN_GEOMETRY, FIXTURE_ASSETS, DYNAMIC_OBJECTS, TEXTURES, CHARACTER_ACTIVATED, FIXTURE_PHYSICS, 
2025-01-11T22:48:56.760-05:00 Load Screen - RESUME_FROM_SUSPEND Complete
2025-01-11T22:48:56.760-05:00 Load Screen - Waiting On: CHARACTER_GEOMETRY, TERRAIN_GEOMETRY, FIXTURE_ASSETS, DYNAMIC_OBJECTS, TEXTURES, CHARACTER_ACTIVATED, FIXTURE_PHYSICS, 
2025-01-11T22:48:57.614-05:00 Load Screen - CHARACTER_GEOMETRY Complete
2025-01-11T22:48:57.615-05:00 Load Screen - Waiting On: TERRAIN_GEOMETRY, FIXTURE_ASSETS, TEXTURES, CHARACTER_ACTIVATED, FIXTURE_PHYSICS, 
2025-01-11T22:48:57.615-05:00 Load Screen - DYNAMIC_OBJECTS Complete
2025-01-11T22:48:57.615-05:00 Load Screen - Waiting On: TERRAIN_GEOMETRY, FIXTURE_ASSETS, TEXTURES, CHARACTER_ACTIVATED, FIXTURE_PHYSICS, 
2025-01-11T22:48:57.666-05:00 Load Screen - TERRAIN_GEOMETRY Complete
2025-01-11T22:48:57.666-05:00 Load Screen - Waiting On: FIXTURE_ASSETS, TEXTURES, CHARACTER_ACTIVATED, FIXTURE_PHYSICS, 
2025-01-11T22:48:59.664-05:00 Load Screen - FIXTURE_PHYSICS Complete
2025-01-11T22:48:59.664-05:00 Load Screen - Waiting On: FIXTURE_ASSETS, DYNAMIC_OBJECTS, TEXTURES, CHARACTER_ACTIVATED, 
2025-01-11T22:48:59.825-05:00 Load Screen - FIXTURE_ASSETS Complete
2025-01-11T22:48:59.825-05:00 Load Screen - Waiting On: TEXTURES, CHARACTER_ACTIVATED, 
2025-01-11T22:48:59.825-05:00 Load Screen - DYNAMIC_OBJECTS Complete
2025-01-11T22:48:59.825-05:00 Load Screen - Waiting On: TEXTURES, CHARACTER_ACTIVATED, 
2025-01-11T22:48:59.863-05:00 Load Screen - TEXTURES Complete
2025-01-11T22:48:59.863-05:00 Load Screen - Waiting On: CHARACTER_ACTIVATED, 
2025-01-11T22:49:00.126-05:00 Load Screen - CHARACTER_ACTIVATED Complete
2025-01-11T22:49:00.126-05:00 Load Screen - Systems Loaded And Not Waiting For Teleport
2025-01-11T22:49:00.126-05:00 Load Screen - Hide
2025-01-11T22:49:00.126-05:00 Load Screen - Hide - Wasn't Already Hiding
2025-01-11T22:49:01.501-05:00 Load Screen - Show/Hide - Animation Complete
2025-01-11T22:49:01.501-05:00 Load Screen - Hide - Animation Complete
2025-01-11T22:49:47.163-05:00 |cff0000Gui Warning: ZO_TradingHouseBrowseItemsRightPaneSearchResults1Row4SellPrice has a set width but has resizeToFitDescendents enabled. If this is intended, use resizeToFitConstrains="Y".|r
2025-01-11T22:49:47.163-05:00 |cff0000Gui Warning: ZO_TradingHouseBrowseItemsRightPaneSearchResults1Row2SellPricePerUnit has a set width but has resizeToFitDescendents enabled. If this is intended, use resizeToFitConstrains="Y".|r
2025-01-11T22:49:47.163-05:00 |cff0000Gui Warning: ZO_TradingHouseBrowseItemsRightPaneSearchResults1Row3SellPricePerUnit has a set width but has resizeToFitDescendents enabled. If this is intended, use resizeToFitConstrains="Y".|r
2025-01-11T22:49:47.163-05:00 |cff0000Gui Warning: ZO_TradingHouseBrowseItemsRightPaneSearchResults1Row3SellPrice has a set width but has resizeToFitDescendents enabled. If this is intended, use resizeToFitConstrains="Y".|r
2025-01-11T22:49:47.163-05:00 |cff0000Gui Warning: ZO_TradingHouseBrowseItemsRightPaneSearchResults1Row1SellPricePerUnit has a set width but has resizeToFitDescendents enabled. If this is intended, use resizeToFitConstrains="Y".|r
2025-01-11T22:49:47.163-05:00 |cff0000Gui Warning: ZO_TradingHouseBrowseItemsRightPaneSearchResults1Row4SellPricePerUnit has a set width but has resizeToFitDescendents enabled. If this is intended, use resizeToFitConstrains="Y".|r
2025-01-11T22:49:47.163-05:00 |cff0000Gui Warning: ZO_TradingHouseBrowseItemsRightPaneSearchResults1Row2SellPrice has a set width but has resizeToFitDescendents enabled. If this is intended, use resizeToFitConstrains="Y".|r
2025-01-11T22:49:47.163-05:00 |cff0000Gui Warning: ZO_TradingHouseBrowseItemsRightPaneSearchResults1Row1SellPrice has a set width but has resizeToFitDescendents enabled. If this is intended, use resizeToFitConstrains="Y".|r
2025-01-12T00:07:18.355-05:00 Load Screen - OnPrepareForJump - Grahtwood
2025-01-12T00:07:18.355-05:00 Load Screen - Show
2025-01-12T00:07:19.225-05:00 Load Screen - Show/Hide - Animation Complete
2025-01-12T00:07:23.017-05:00 Load Screen - OnAreaLoadStarted - (235) Grahtwood
2025-01-12T00:07:23.070-05:00 Load Screen - GAME_DATA Complete
2025-01-12T00:07:23.070-05:00 Load Screen - Waiting On: PLAYER, CHARACTER_GEOMETRY, TERRAIN_GEOMETRY, FIXTURE_ASSETS, DYNAMIC_OBJECTS, TEXTURES, CHARACTER_ACTIVATED, RESUME_FROM_SUSPEND, FIXTURE_PHYSICS, 
2025-01-12T00:07:23.070-05:00 Load Screen - RENDERER Complete
2025-01-12T00:07:23.070-05:00 Load Screen - Waiting On: PLAYER, CHARACTER_GEOMETRY, TERRAIN_GEOMETRY, FIXTURE_ASSETS, DYNAMIC_OBJECTS, TEXTURES, CHARACTER_ACTIVATED, RESUME_FROM_SUSPEND, FIXTURE_PHYSICS, 
2025-01-12T00:07:23.070-05:00 Load Screen - USER_INTERFACE Complete
2025-01-12T00:07:23.070-05:00 Load Screen - Waiting On: PLAYER, CHARACTER_GEOMETRY, TERRAIN_GEOMETRY, FIXTURE_ASSETS, DYNAMIC_OBJECTS, TEXTURES, CHARACTER_ACTIVATED, RESUME_FROM_SUSPEND, FIXTURE_PHYSICS, 
2025-01-12T00:07:23.070-05:00 Load Screen - KEEPS Complete
2025-01-12T00:07:23.070-05:00 Load Screen - Waiting On: PLAYER, CHARACTER_GEOMETRY, TERRAIN_GEOMETRY, FIXTURE_ASSETS, DYNAMIC_OBJECTS, TEXTURES, CHARACTER_ACTIVATED, RESUME_FROM_SUSPEND, FIXTURE_PHYSICS, 
2025-01-12T00:07:23.070-05:00 Load Screen - SHARED_CHARACTER_OBJECT Complete
2025-01-12T00:07:23.070-05:00 Load Screen - Waiting On: PLAYER, CHARACTER_GEOMETRY, TERRAIN_GEOMETRY, FIXTURE_ASSETS, DYNAMIC_OBJECTS, TEXTURES, CHARACTER_ACTIVATED, RESUME_FROM_SUSPEND, FIXTURE_PHYSICS, 
2025-01-12T00:07:23.365-05:00 Load Screen - PLAYER Complete
2025-01-12T00:07:23.365-05:00 Load Screen - Waiting On: CHARACTER_GEOMETRY, TERRAIN_GEOMETRY, FIXTURE_ASSETS, DYNAMIC_OBJECTS, TEXTURES, CHARACTER_ACTIVATED, FIXTURE_PHYSICS, 
2025-01-12T00:07:23.365-05:00 Load Screen - RESUME_FROM_SUSPEND Complete
2025-01-12T00:07:23.365-05:00 Load Screen - Waiting On: CHARACTER_GEOMETRY, TERRAIN_GEOMETRY, FIXTURE_ASSETS, DYNAMIC_OBJECTS, TEXTURES, CHARACTER_ACTIVATED, FIXTURE_PHYSICS, 
2025-01-12T00:07:24.133-05:00 Load Screen - CHARACTER_GEOMETRY Complete
2025-01-12T00:07:24.133-05:00 Load Screen - Waiting On: TERRAIN_GEOMETRY, FIXTURE_ASSETS, TEXTURES, CHARACTER_ACTIVATED, FIXTURE_PHYSICS, 
2025-01-12T00:07:24.133-05:00 Load Screen - DYNAMIC_OBJECTS Complete
2025-01-12T00:07:24.133-05:00 Load Screen - Waiting On: TERRAIN_GEOMETRY, FIXTURE_ASSETS, TEXTURES, CHARACTER_ACTIVATED, FIXTURE_PHYSICS, 
2025-01-12T00:07:24.517-05:00 Load Screen - TERRAIN_GEOMETRY Complete
2025-01-12T00:07:24.517-05:00 Load Screen - Waiting On: FIXTURE_ASSETS, DYNAMIC_OBJECTS, TEXTURES, CHARACTER_ACTIVATED, FIXTURE_PHYSICS, 
2025-01-12T00:07:27.075-05:00 Load Screen - FIXTURE_PHYSICS Complete
2025-01-12T00:07:27.075-05:00 Load Screen - Waiting On: FIXTURE_ASSETS, DYNAMIC_OBJECTS, TEXTURES, CHARACTER_ACTIVATED, 
2025-01-12T00:07:27.136-05:00 Load Screen - DYNAMIC_OBJECTS Complete
2025-01-12T00:07:27.136-05:00 Load Screen - Waiting On: FIXTURE_ASSETS, TEXTURES, CHARACTER_ACTIVATED, 
2025-01-12T00:07:27.156-05:00 Load Screen - FIXTURE_ASSETS Complete
2025-01-12T00:07:27.156-05:00 Load Screen - Waiting On: CHARACTER_ACTIVATED, 
2025-01-12T00:07:27.156-05:00 Load Screen - TEXTURES Complete
2025-01-12T00:07:27.156-05:00 Load Screen - Waiting On: CHARACTER_ACTIVATED, 
2025-01-12T00:07:27.394-05:00 Load Screen - CHARACTER_ACTIVATED Complete
2025-01-12T00:07:27.394-05:00 Load Screen - Systems Loaded And Not Waiting For Teleport
2025-01-12T00:07:27.394-05:00 Load Screen - Hide
2025-01-12T00:07:27.394-05:00 Load Screen - Hide - Wasn't Already Hiding
2025-01-12T00:07:28.985-05:00 Load Screen - Show/Hide - Animation Complete
2025-01-12T00:07:28.985-05:00 Load Screen - Hide - Animation Complete
2025-01-12T00:37:18.476-05:00 Load Screen - OnPrepareForJump - High Isle
2025-01-12T00:37:18.476-05:00 Load Screen - Show
2025-01-12T00:37:19.344-05:00 Load Screen - Show/Hide - Animation Complete
2025-01-12T00:37:22.690-05:00 Load Screen - OnAreaLoadStarted - (1207) High Isle
2025-01-12T00:37:22.697-05:00 Load Screen - GAME_DATA Complete
2025-01-12T00:37:22.698-05:00 Load Screen - Waiting On: PLAYER, CHARACTER_GEOMETRY, TERRAIN_GEOMETRY, FIXTURE_ASSETS, DYNAMIC_OBJECTS, TEXTURES, CHARACTER_ACTIVATED, RESUME_FROM_SUSPEND, FIXTURE_PHYSICS, 
2025-01-12T00:37:22.698-05:00 Load Screen - RENDERER Complete
2025-01-12T00:37:22.698-05:00 Load Screen - Waiting On: PLAYER, CHARACTER_GEOMETRY, TERRAIN_GEOMETRY, FIXTURE_ASSETS, DYNAMIC_OBJECTS, TEXTURES, CHARACTER_ACTIVATED, RESUME_FROM_SUSPEND, FIXTURE_PHYSICS, 
2025-01-12T00:37:22.698-05:00 Load Screen - USER_INTERFACE Complete
2025-01-12T00:37:22.698-05:00 Load Screen - Waiting On: PLAYER, CHARACTER_GEOMETRY, TERRAIN_GEOMETRY, FIXTURE_ASSETS, DYNAMIC_OBJECTS, TEXTURES, CHARACTER_ACTIVATED, RESUME_FROM_SUSPEND, FIXTURE_PHYSICS, 
2025-01-12T00:37:22.698-05:00 Load Screen - KEEPS Complete
2025-01-12T00:37:22.698-05:00 Load Screen - Waiting On: PLAYER, CHARACTER_GEOMETRY, TERRAIN_GEOMETRY, FIXTURE_ASSETS, DYNAMIC_OBJECTS, TEXTURES, CHARACTER_ACTIVATED, RESUME_FROM_SUSPEND, FIXTURE_PHYSICS, 
2025-01-12T00:37:22.698-05:00 Load Screen - SHARED_CHARACTER_OBJECT Complete
2025-01-12T00:37:22.698-05:00 Load Screen - Waiting On: PLAYER, CHARACTER_GEOMETRY, TERRAIN_GEOMETRY, FIXTURE_ASSETS, DYNAMIC_OBJECTS, TEXTURES, CHARACTER_ACTIVATED, RESUME_FROM_SUSPEND, FIXTURE_PHYSICS, 
2025-01-12T00:37:22.941-05:00 Load Screen - PLAYER Complete
2025-01-12T00:37:22.941-05:00 Load Screen - Waiting On: CHARACTER_GEOMETRY, TERRAIN_GEOMETRY, FIXTURE_ASSETS, DYNAMIC_OBJECTS, TEXTURES, CHARACTER_ACTIVATED, FIXTURE_PHYSICS, 
2025-01-12T00:37:22.941-05:00 Load Screen - RESUME_FROM_SUSPEND Complete
2025-01-12T00:37:22.941-05:00 Load Screen - Waiting On: CHARACTER_GEOMETRY, TERRAIN_GEOMETRY, FIXTURE_ASSETS, DYNAMIC_OBJECTS, TEXTURES, CHARACTER_ACTIVATED, FIXTURE_PHYSICS, 
2025-01-12T00:37:23.965-05:00 Load Screen - CHARACTER_GEOMETRY Complete
2025-01-12T00:37:23.965-05:00 Load Screen - Waiting On: TERRAIN_GEOMETRY, FIXTURE_ASSETS, TEXTURES, CHARACTER_ACTIVATED, FIXTURE_PHYSICS, 
2025-01-12T00:37:23.965-05:00 Load Screen - DYNAMIC_OBJECTS Complete
2025-01-12T00:37:23.965-05:00 Load Screen - Waiting On: TERRAIN_GEOMETRY, FIXTURE_ASSETS, TEXTURES, CHARACTER_ACTIVATED, FIXTURE_PHYSICS, 
2025-01-12T00:37:24.057-05:00 Load Screen - TERRAIN_GEOMETRY Complete
2025-01-12T00:37:24.057-05:00 Load Screen - Waiting On: FIXTURE_ASSETS, TEXTURES, CHARACTER_ACTIVATED, FIXTURE_PHYSICS, 
2025-01-12T00:37:29.512-05:00 Load Screen - FIXTURE_PHYSICS Complete
2025-01-12T00:37:29.512-05:00 Load Screen - Waiting On: FIXTURE_ASSETS, DYNAMIC_OBJECTS, TEXTURES, CHARACTER_ACTIVATED, 
2025-01-12T00:37:29.788-05:00 Load Screen - FIXTURE_ASSETS Complete
2025-01-12T00:37:29.788-05:00 Load Screen - Waiting On: DYNAMIC_OBJECTS, TEXTURES, CHARACTER_ACTIVATED, 
2025-01-12T00:37:29.876-05:00 Load Screen - DYNAMIC_OBJECTS Complete
2025-01-12T00:37:29.876-05:00 Load Screen - Waiting On: TEXTURES, CHARACTER_ACTIVATED, 
2025-01-12T00:37:29.885-05:00 Load Screen - TEXTURES Complete
2025-01-12T00:37:29.885-05:00 Load Screen - Waiting On: CHARACTER_ACTIVATED, 
2025-01-12T00:37:30.151-05:00 Load Screen - CHARACTER_ACTIVATED Complete
2025-01-12T00:37:30.151-05:00 Load Screen - Systems Loaded And Not Waiting For Teleport
2025-01-12T00:37:30.151-05:00 Load Screen - Hide
2025-01-12T00:37:30.151-05:00 Load Screen - Hide - Wasn't Already Hiding
2025-01-12T00:37:31.564-05:00 Load Screen - Show/Hide - Animation Complete
2025-01-12T00:37:31.564-05:00 Load Screen - Hide - Animation Complete
2025-01-12T00:38:24.813-05:00 Load Screen - CHARACTER_ACTIVATED Complete
2025-01-12T00:38:24.814-05:00 Load Screen - Waiting On: CHARACTER_GEOMETRY, TERRAIN_GEOMETRY, KEEPS, FIXTURE_ASSETS, DYNAMIC_OBJECTS, USER_INTERFACE, RENDERER, GAME_DATA, TEXTURES, SHARED_CHARACTER_OBJECT, FIXTURE_PHYSICS, 
2025-01-12T00:38:24.814-05:00 Load Screen - PLAYER Complete
2025-01-12T00:38:24.814-05:00 Load Screen - Waiting On: CHARACTER_GEOMETRY, TERRAIN_GEOMETRY, KEEPS, FIXTURE_ASSETS, DYNAMIC_OBJECTS, USER_INTERFACE, RENDERER, GAME_DATA, TEXTURES, SHARED_CHARACTER_OBJECT, FIXTURE_PHYSICS, 
2025-01-12T00:38:24.814-05:00 Load Screen - RESUME_FROM_SUSPEND Complete
2025-01-12T00:38:24.814-05:00 Load Screen - Waiting On: CHARACTER_GEOMETRY, TERRAIN_GEOMETRY, KEEPS, FIXTURE_ASSETS, DYNAMIC_OBJECTS, USER_INTERFACE, RENDERER, GAME_DATA, TEXTURES, SHARED_CHARACTER_OBJECT, FIXTURE_PHYSICS, 
2025-01-12T00:38:24.814-05:00 Load Screen - OnAreaLoadStarted - (1207) High Isle
2025-01-12T00:38:24.814-05:00 Load Screen - Show
2025-01-12T00:38:24.821-05:00 Load Screen - PLAYER Complete
2025-01-12T00:38:24.821-05:00 Load Screen - Waiting On: TERRAIN_GEOMETRY, FIXTURE_ASSETS, TEXTURES, FIXTURE_PHYSICS, 
2025-01-12T00:38:24.821-05:00 Load Screen - CHARACTER_ACTIVATED Complete
2025-01-12T00:38:24.821-05:00 Load Screen - Waiting On: TERRAIN_GEOMETRY, FIXTURE_ASSETS, TEXTURES, FIXTURE_PHYSICS, 
2025-01-12T00:38:24.821-05:00 Load Screen - RESUME_FROM_SUSPEND Complete
2025-01-12T00:38:24.821-05:00 Load Screen - Waiting On: TERRAIN_GEOMETRY, FIXTURE_ASSETS, TEXTURES, FIXTURE_PHYSICS, 
2025-01-12T00:38:24.821-05:00 Load Screen - GAME_DATA Complete
2025-01-12T00:38:24.821-05:00 Load Screen - Waiting On: TERRAIN_GEOMETRY, FIXTURE_ASSETS, TEXTURES, FIXTURE_PHYSICS, 
2025-01-12T00:38:24.821-05:00 Load Screen - CHARACTER_GEOMETRY Complete
2025-01-12T00:38:24.821-05:00 Load Screen - Waiting On: TERRAIN_GEOMETRY, FIXTURE_ASSETS, TEXTURES, FIXTURE_PHYSICS, 
2025-01-12T00:38:24.821-05:00 Load Screen - RENDERER Complete
2025-01-12T00:38:24.821-05:00 Load Screen - Waiting On: TERRAIN_GEOMETRY, FIXTURE_ASSETS, TEXTURES, FIXTURE_PHYSICS, 
2025-01-12T00:38:24.821-05:00 Load Screen - USER_INTERFACE Complete
2025-01-12T00:38:24.821-05:00 Load Screen - Waiting On: TERRAIN_GEOMETRY, FIXTURE_ASSETS, TEXTURES, FIXTURE_PHYSICS, 
2025-01-12T00:38:24.821-05:00 Load Screen - KEEPS Complete
2025-01-12T00:38:24.821-05:00 Load Screen - Waiting On: TERRAIN_GEOMETRY, FIXTURE_ASSETS, TEXTURES, FIXTURE_PHYSICS, 
2025-01-12T00:38:24.821-05:00 Load Screen - SHARED_CHARACTER_OBJECT Complete
2025-01-12T00:38:24.821-05:00 Load Screen - Waiting On: TERRAIN_GEOMETRY, FIXTURE_ASSETS, TEXTURES, FIXTURE_PHYSICS, 
2025-01-12T00:38:24.821-05:00 Load Screen - DYNAMIC_OBJECTS Complete
2025-01-12T00:38:24.821-05:00 Load Screen - Waiting On: TERRAIN_GEOMETRY, FIXTURE_ASSETS, TEXTURES, FIXTURE_PHYSICS, 
2025-01-12T00:38:25.505-05:00 Load Screen - TERRAIN_GEOMETRY Complete
2025-01-12T00:38:25.505-05:00 Load Screen - Waiting On: FIXTURE_ASSETS, DYNAMIC_OBJECTS, TEXTURES, FIXTURE_PHYSICS, 
2025-01-12T00:38:25.516-05:00 Load Screen - FIXTURE_ASSETS Complete
2025-01-12T00:38:25.516-05:00 Load Screen - Waiting On: DYNAMIC_OBJECTS, TEXTURES, 
2025-01-12T00:38:25.516-05:00 Load Screen - FIXTURE_PHYSICS Complete
2025-01-12T00:38:25.516-05:00 Load Screen - Waiting On: DYNAMIC_OBJECTS, TEXTURES, 
2025-01-12T00:38:25.537-05:00 Load Screen - Show/Hide - Animation Complete
2025-01-12T00:38:25.598-05:00 Load Screen - DYNAMIC_OBJECTS Complete
2025-01-12T00:38:25.599-05:00 Load Screen - Waiting On: TEXTURES, 
2025-01-12T00:38:25.613-05:00 Load Screen - TEXTURES Complete
2025-01-12T00:38:25.613-05:00 Load Screen - Systems Loaded And Not Waiting For Teleport
2025-01-12T00:38:25.613-05:00 Load Screen - Hide
2025-01-12T00:38:25.613-05:00 Load Screen - Hide - Wasn't Already Hiding
2025-01-12T00:38:26.471-05:00 Load Screen - Show/Hide - Animation Complete
2025-01-12T00:38:26.471-05:00 Load Screen - Hide - Animation Complete
2025-01-12T00:39:33.648-05:00 Load Screen - CHARACTER_ACTIVATED Complete
2025-01-12T00:39:33.648-05:00 Load Screen - Waiting On: CHARACTER_GEOMETRY, TERRAIN_GEOMETRY, KEEPS, FIXTURE_ASSETS, DYNAMIC_OBJECTS, USER_INTERFACE, RENDERER, GAME_DATA, TEXTURES, SHARED_CHARACTER_OBJECT, FIXTURE_PHYSICS, 
2025-01-12T00:39:33.648-05:00 Load Screen - PLAYER Complete
2025-01-12T00:39:33.648-05:00 Load Screen - Waiting On: CHARACTER_GEOMETRY, TERRAIN_GEOMETRY, KEEPS, FIXTURE_ASSETS, DYNAMIC_OBJECTS, USER_INTERFACE, RENDERER, GAME_DATA, TEXTURES, SHARED_CHARACTER_OBJECT, FIXTURE_PHYSICS, 
2025-01-12T00:39:33.648-05:00 Load Screen - RESUME_FROM_SUSPEND Complete
2025-01-12T00:39:33.648-05:00 Load Screen - Waiting On: CHARACTER_GEOMETRY, TERRAIN_GEOMETRY, KEEPS, FIXTURE_ASSETS, DYNAMIC_OBJECTS, USER_INTERFACE, RENDERER, GAME_DATA, TEXTURES, SHARED_CHARACTER_OBJECT, FIXTURE_PHYSICS, 
2025-01-12T00:39:33.648-05:00 Load Screen - OnAreaLoadStarted - (1207) High Isle
2025-01-12T00:39:33.648-05:00 Load Screen - Show
2025-01-12T00:39:33.656-05:00 Load Screen - PLAYER Complete
2025-01-12T00:39:33.657-05:00 Load Screen - Waiting On: FIXTURE_ASSETS, USER_INTERFACE, TEXTURES, FIXTURE_PHYSICS, 
2025-01-12T00:39:33.657-05:00 Load Screen - CHARACTER_ACTIVATED Complete
2025-01-12T00:39:33.657-05:00 Load Screen - Waiting On: FIXTURE_ASSETS, USER_INTERFACE, TEXTURES, FIXTURE_PHYSICS, 
2025-01-12T00:39:33.657-05:00 Load Screen - RESUME_FROM_SUSPEND Complete
2025-01-12T00:39:33.657-05:00 Load Screen - Waiting On: FIXTURE_ASSETS, USER_INTERFACE, TEXTURES, FIXTURE_PHYSICS, 
2025-01-12T00:39:33.657-05:00 Load Screen - GAME_DATA Complete
2025-01-12T00:39:33.657-05:00 Load Screen - Waiting On: FIXTURE_ASSETS, USER_INTERFACE, TEXTURES, FIXTURE_PHYSICS, 
2025-01-12T00:39:33.657-05:00 Load Screen - CHARACTER_GEOMETRY Complete
2025-01-12T00:39:33.657-05:00 Load Screen - Waiting On: FIXTURE_ASSETS, USER_INTERFACE, TEXTURES, FIXTURE_PHYSICS, 
2025-01-12T00:39:33.657-05:00 Load Screen - TERRAIN_GEOMETRY Complete
2025-01-12T00:39:33.657-05:00 Load Screen - Waiting On: FIXTURE_ASSETS, USER_INTERFACE, TEXTURES, FIXTURE_PHYSICS, 
2025-01-12T00:39:33.657-05:00 Load Screen - RENDERER Complete
2025-01-12T00:39:33.657-05:00 Load Screen - Waiting On: FIXTURE_ASSETS, USER_INTERFACE, TEXTURES, FIXTURE_PHYSICS, 
2025-01-12T00:39:33.657-05:00 Load Screen - KEEPS Complete
2025-01-12T00:39:33.657-05:00 Load Screen - Waiting On: FIXTURE_ASSETS, USER_INTERFACE, TEXTURES, FIXTURE_PHYSICS, 
2025-01-12T00:39:33.657-05:00 Load Screen - SHARED_CHARACTER_OBJECT Complete
2025-01-12T00:39:33.657-05:00 Load Screen - Waiting On: FIXTURE_ASSETS, USER_INTERFACE, TEXTURES, FIXTURE_PHYSICS, 
2025-01-12T00:39:33.657-05:00 Load Screen - DYNAMIC_OBJECTS Complete
2025-01-12T00:39:33.657-05:00 Load Screen - Waiting On: FIXTURE_ASSETS, USER_INTERFACE, TEXTURES, FIXTURE_PHYSICS, 
2025-01-12T00:39:33.680-05:00 Load Screen - FIXTURE_ASSETS Complete
2025-01-12T00:39:33.680-05:00 Load Screen - Waiting On: DYNAMIC_OBJECTS, USER_INTERFACE, TEXTURES, FIXTURE_PHYSICS, 
2025-01-12T00:39:33.696-05:00 Load Screen - USER_INTERFACE Complete
2025-01-12T00:39:33.696-05:00 Load Screen - Waiting On: DYNAMIC_OBJECTS, TEXTURES, FIXTURE_PHYSICS, 
2025-01-12T00:39:33.846-05:00 Load Screen - FIXTURE_PHYSICS Complete
2025-01-12T00:39:33.846-05:00 Load Screen - Waiting On: DYNAMIC_OBJECTS, TEXTURES, 
2025-01-12T00:39:34.102-05:00 Load Screen - DYNAMIC_OBJECTS Complete
2025-01-12T00:39:34.102-05:00 Load Screen - Waiting On: TEXTURES, 
2025-01-12T00:39:34.116-05:00 Load Screen - TEXTURES Complete
2025-01-12T00:39:34.116-05:00 Load Screen - Systems Loaded And Not Waiting For Teleport
2025-01-12T00:39:34.116-05:00 Load Screen - Hide
2025-01-12T00:39:34.116-05:00 Load Screen - Hide - Wasn't Already Hiding
2025-01-12T00:39:34.886-05:00 Load Screen - Show/Hide - Animation Complete
2025-01-12T00:39:34.886-05:00 Load Screen - Hide - Animation Complete
